<?xml version="1.0" encoding="UTF-8"?>
<!-- Generated by org.testng.reporters.JUnitReportReporter -->
<testsuite hostname="Sreekanth_Yedla" failures="0" tests="2" name="com.pratice.practice.TestngPractice1" time="0.005" errors="0" timestamp="2022-12-06T13:19:35 IST" skipped="0">
  <testcase classname="com.pratice.practice.TestngPractice1" name="test5" time="0.004"/>
  <system-out/>
  <testcase classname="com.pratice.practice.TestngPractice1" name="test6" time="0.001"/>
  <system-out/>
</testsuite> <!-- com.pratice.practice.TestngPractice1 -->
